Reading netlist file: "C:\Users\12161\OneDrive\Desktop\Files\Hoshi\JOYCON_UART\Project\Joycon\impl\gwsynthesis\Joycon.vg"
Parsing netlist file "C:\Users\12161\OneDrive\Desktop\Files\Hoshi\JOYCON_UART\Project\Joycon\impl\gwsynthesis\Joycon.vg" completed
Processing netlist completed
Reading constraint file: "C:\Users\12161\OneDrive\Desktop\Files\Hoshi\JOYCON_UART\Project\Joycon\src\Joycon.cst"
Physical Constraint parsed completed
Running placement......
[10%] Placement Phase 0 completed
[20%] Placement Phase 1 completed
[30%] Placement Phase 2 completed
[50%] Placement Phase 3 completed
Running routing......
[60%] Routing Phase 0 completed
[70%] Routing Phase 1 completed
[80%] Routing Phase 2 completed
WARN  (PR1014) : Generic routing resource will be used to clock signal 'clk_d' by the specified constraint. And then it may lead to the excessive delay or skew
[90%] Routing Phase 3 completed
Running timing analysis......
[95%] Timing analysis completed
Placement and routing completed
Bitstream generation in progress......
Bitstream generation completed
Running power analysis......
[100%] Power analysis completed
Generate file "C:\Users\12161\OneDrive\Desktop\Files\Hoshi\JOYCON_UART\Project\Joycon\impl\pnr\Joycon.power.html" completed
Generate file "C:\Users\12161\OneDrive\Desktop\Files\Hoshi\JOYCON_UART\Project\Joycon\impl\pnr\Joycon.pin.html" completed
Generate file "C:\Users\12161\OneDrive\Desktop\Files\Hoshi\JOYCON_UART\Project\Joycon\impl\pnr\Joycon.rpt.html" completed
Generate file "C:\Users\12161\OneDrive\Desktop\Files\Hoshi\JOYCON_UART\Project\Joycon\impl\pnr\Joycon.rpt.txt" completed
Generate file "C:\Users\12161\OneDrive\Desktop\Files\Hoshi\JOYCON_UART\Project\Joycon\impl\pnr\Joycon.tr.html" completed
Thu Aug 29 18:07:16 2024

