Parsing netlist file "C:\Users\AlanC\Sipeed\TangMega-138K-example\ddr_memory\eda_proj\impl\gwsynthesis\gw138.vg" completed
Reading netlist file: "C:\Users\AlanC\Sipeed\TangMega-138K-example\ddr_memory\eda_proj\impl\gwsynthesis\gw138.vg"
Parsing netlist file "C:\Users\AlanC\Sipeed\TangMega-138K-example\ddr_memory\eda_proj\impl\gwsynthesis\gw138.vg" completed
Processing netlist completed
Reading constraint file: "C:\Users\AlanC\Sipeed\TangMega-138K-example\ddr_memory\eda_proj\src\gw138.cst"
Physical Constraint parsed completed
Running placement......
[10%] Placement Phase 0 completed
[20%] Placement Phase 1 completed
[30%] Placement Phase 2 completed
[50%] Placement Phase 3 completed
Running routing......
[60%] Routing Phase 0 completed
[70%] Routing Phase 1 completed
[80%] Routing Phase 2 completed
WARN  (PR1014) : Generic routing resource will be used to clock signal 'sys_clk_d' by the specified constraint. And then it may lead to the excessive delay or skew
[90%] Routing Phase 3 completed
Running timing analysis......
[95%] Timing analysis completed
Placement and routing completed
Bitstream generation in progress......
Bitstream generation completed
Generate file "C:\Users\AlanC\Sipeed\TangMega-138K-example\ddr_memory\eda_proj\impl\pnr\gw138.pin.html" completed
Generate file "C:\Users\AlanC\Sipeed\TangMega-138K-example\ddr_memory\eda_proj\impl\pnr\gw138.rpt.html" completed
Generate file "C:\Users\AlanC\Sipeed\TangMega-138K-example\ddr_memory\eda_proj\impl\pnr\gw138.rpt.txt" completed
Generate file "C:\Users\AlanC\Sipeed\TangMega-138K-example\ddr_memory\eda_proj\impl\pnr\gw138.tr.html" completed
Mon Mar 11 20:35:20 2024

